<?xml version="1.0" encoding="UTF-8"?>
<testsuite xmlns:xsi="http://www.w3.org/2001/XMLSchema-instance" xsi:noNamespaceSchemaLocation="https://maven.apache.org/surefire/maven-surefire-plugin/xsd/surefire-test-report.xsd" name="org.example.ExerciseFTest" time="2.945" tests="1" errors="0" skipped="0" failures="0">
  <properties>
    <property name="sun.desktop" value="gnome"/>
    <property name="awt.toolkit" value="sun.awt.X11.XToolkit"/>
    <property name="file.encoding.pkg" value="sun.io"/>
    <property name="java.specification.version" value="1.8"/>
    <property name="sun.cpu.isalist" value=""/>
    <property name="sun.jnu.encoding" value="UTF-8"/>
    <property name="java.class.path" value="/home/annisa/Materi/BFITest/target/test-classes:/home/annisa/Materi/BFITest/target/classes:/home/annisa/.m2/repository/junit/junit/4.11/junit-4.11.jar:/home/annisa/.m2/repository/org/hamcrest/hamcrest-core/1.3/hamcrest-core-1.3.jar:/home/annisa/.m2/repository/org/junit/jupiter/junit-jupiter/5.7.0-RC1/junit-jupiter-5.7.0-RC1.jar:/home/annisa/.m2/repository/org/junit/jupiter/junit-jupiter-api/5.7.0-RC1/junit-jupiter-api-5.7.0-RC1.jar:/home/annisa/.m2/repository/org/apiguardian/apiguardian-api/1.1.0/apiguardian-api-1.1.0.jar:/home/annisa/.m2/repository/org/opentest4j/opentest4j/1.2.0/opentest4j-1.2.0.jar:/home/annisa/.m2/repository/org/junit/platform/junit-platform-commons/1.7.0-RC1/junit-platform-commons-1.7.0-RC1.jar:/home/annisa/.m2/repository/org/junit/jupiter/junit-jupiter-params/5.7.0-RC1/junit-jupiter-params-5.7.0-RC1.jar:/home/annisa/.m2/repository/org/junit/jupiter/junit-jupiter-engine/5.7.0-RC1/junit-jupiter-engine-5.7.0-RC1.jar:/home/annisa/.m2/repository/org/junit/platform/junit-platform-engine/1.7.0-RC1/junit-platform-engine-1.7.0-RC1.jar:/home/annisa/.m2/repository/info/debatty/java-string-similarity/2.0.0/java-string-similarity-2.0.0.jar:/home/annisa/.m2/repository/net/jcip/jcip-annotations/1.0/jcip-annotations-1.0.jar:/home/annisa/.m2/repository/com/google/code/gson/gson/2.8.5/gson-2.8.5.jar:/home/annisa/.m2/repository/com/googlecode/json-simple/json-simple/1.1.1/json-simple-1.1.1.jar:"/>
    <property name="java.vm.vendor" value="Private Build"/>
    <property name="sun.arch.data.model" value="64"/>
    <property name="java.vendor.url" value="http://java.oracle.com/"/>
    <property name="user.timezone" value=""/>
    <property name="java.vm.specification.version" value="1.8"/>
    <property name="os.name" value="Linux"/>
    <property name="user.country" value="US"/>
    <property name="sun.java.launcher" value="SUN_STANDARD"/>
    <property name="sun.boot.library.path" value="/usr/lib/jvm/java-8-openjdk-amd64/jre/lib/amd64"/>
    <property name="sun.java.command" value="/home/annisa/Materi/BFITest/target/surefire/surefirebooter3735071867282409486.jar /home/annisa/Materi/BFITest/target/surefire 2020-09-11T12-29-51_060-jvmRun1 surefire6549900621138048519tmp surefire_03426029932513655094tmp"/>
    <property name="surefire.test.class.path" value="/home/annisa/Materi/BFITest/target/test-classes:/home/annisa/Materi/BFITest/target/classes:/home/annisa/.m2/repository/junit/junit/4.11/junit-4.11.jar:/home/annisa/.m2/repository/org/hamcrest/hamcrest-core/1.3/hamcrest-core-1.3.jar:/home/annisa/.m2/repository/org/junit/jupiter/junit-jupiter/5.7.0-RC1/junit-jupiter-5.7.0-RC1.jar:/home/annisa/.m2/repository/org/junit/jupiter/junit-jupiter-api/5.7.0-RC1/junit-jupiter-api-5.7.0-RC1.jar:/home/annisa/.m2/repository/org/apiguardian/apiguardian-api/1.1.0/apiguardian-api-1.1.0.jar:/home/annisa/.m2/repository/org/opentest4j/opentest4j/1.2.0/opentest4j-1.2.0.jar:/home/annisa/.m2/repository/org/junit/platform/junit-platform-commons/1.7.0-RC1/junit-platform-commons-1.7.0-RC1.jar:/home/annisa/.m2/repository/org/junit/jupiter/junit-jupiter-params/5.7.0-RC1/junit-jupiter-params-5.7.0-RC1.jar:/home/annisa/.m2/repository/org/junit/jupiter/junit-jupiter-engine/5.7.0-RC1/junit-jupiter-engine-5.7.0-RC1.jar:/home/annisa/.m2/repository/org/junit/platform/junit-platform-engine/1.7.0-RC1/junit-platform-engine-1.7.0-RC1.jar:/home/annisa/.m2/repository/info/debatty/java-string-similarity/2.0.0/java-string-similarity-2.0.0.jar:/home/annisa/.m2/repository/net/jcip/jcip-annotations/1.0/jcip-annotations-1.0.jar:/home/annisa/.m2/repository/com/google/code/gson/gson/2.8.5/gson-2.8.5.jar:/home/annisa/.m2/repository/com/googlecode/json-simple/json-simple/1.1.1/json-simple-1.1.1.jar:"/>
    <property name="sun.cpu.endian" value="little"/>
    <property name="user.home" value="/home/annisa"/>
    <property name="user.language" value="en"/>
    <property name="java.specification.vendor" value="Oracle Corporation"/>
    <property name="java.home" value="/usr/lib/jvm/java-8-openjdk-amd64/jre"/>
    <property name="basedir" value="/home/annisa/Materi/BFITest"/>
    <property name="file.separator" value="/"/>
    <property name="line.separator" value="&#10;"/>
    <property name="java.vm.specification.vendor" value="Oracle Corporation"/>
    <property name="java.specification.name" value="Java Platform API Specification"/>
    <property name="java.awt.graphicsenv" value="sun.awt.X11GraphicsEnvironment"/>
    <property name="surefire.real.class.path" value="/home/annisa/Materi/BFITest/target/surefire/surefirebooter3735071867282409486.jar"/>
    <property name="sun.boot.class.path" value="/usr/lib/jvm/java-8-openjdk-amd64/jre/lib/resources.jar:/usr/lib/jvm/java-8-openjdk-amd64/jre/lib/rt.jar:/usr/lib/jvm/java-8-openjdk-amd64/jre/lib/sunrsasign.jar:/usr/lib/jvm/java-8-openjdk-amd64/jre/lib/jsse.jar:/usr/lib/jvm/java-8-openjdk-amd64/jre/lib/jce.jar:/usr/lib/jvm/java-8-openjdk-amd64/jre/lib/charsets.jar:/usr/lib/jvm/java-8-openjdk-amd64/jre/lib/jfr.jar:/usr/lib/jvm/java-8-openjdk-amd64/jre/classes"/>
    <property name="sun.management.compiler" value="HotSpot 64-Bit Tiered Compilers"/>
    <property name="java.runtime.version" value="1.8.0_265-8u265-b01-0ubuntu2~18.04-b01"/>
    <property name="user.name" value="annisa"/>
    <property name="path.separator" value=":"/>
    <property name="os.version" value="5.4.0-45-generic"/>
    <property name="java.endorsed.dirs" value="/usr/lib/jvm/java-8-openjdk-amd64/jre/lib/endorsed"/>
    <property name="java.runtime.name" value="OpenJDK Runtime Environment"/>
    <property name="file.encoding" value="UTF-8"/>
    <property name="java.vm.name" value="OpenJDK 64-Bit Server VM"/>
    <property name="localRepository" value="/home/annisa/.m2/repository"/>
    <property name="java.vendor.url.bug" value="http://bugreport.sun.com/bugreport/"/>
    <property name="java.io.tmpdir" value="/tmp"/>
    <property name="java.version" value="1.8.0_265"/>
    <property name="user.dir" value="/home/annisa/Materi/BFITest"/>
    <property name="os.arch" value="amd64"/>
    <property name="java.vm.specification.name" value="Java Virtual Machine Specification"/>
    <property name="java.awt.printerjob" value="sun.print.PSPrinterJob"/>
    <property name="sun.os.patch.level" value="unknown"/>
    <property name="java.library.path" value="/usr/java/packages/lib/amd64:/usr/lib/x86_64-linux-gnu/jni:/lib/x86_64-linux-gnu:/usr/lib/x86_64-linux-gnu:/usr/lib/jni:/lib:/usr/lib"/>
    <property name="java.vm.info" value="mixed mode"/>
    <property name="java.vendor" value="Private Build"/>
    <property name="java.vm.version" value="25.265-b01"/>
    <property name="java.ext.dirs" value="/usr/lib/jvm/java-8-openjdk-amd64/jre/lib/ext:/usr/java/packages/lib/ext"/>
    <property name="sun.io.unicode.encoding" value="UnicodeLittle"/>
    <property name="java.class.version" value="52.0"/>
  </properties>
  <testcase name="searchCity" classname="org.example.ExerciseFTest" time="2.945"/>
</testsuite>